<?xml version="1.0" encoding="UTF-8"?>
<testng-results skipped="0" failed="0" ignored="0" total="1" passed="1">
  <reporter-output>
  </reporter-output>
  <suite name="Default suite" duration-ms="14709" started-at="2020-08-29T10:31:32Z" finished-at="2020-08-29T10:31:47Z">
    <groups>
    </groups>
    <test name="Default test" duration-ms="14709" started-at="2020-08-29T10:31:32Z" finished-at="2020-08-29T10:31:47Z">
      <class name="pac.UninstallApp">
        <test-method status="PASS" signature="uninstall()[pri:0, instance:pac.UninstallApp@6f7fd0e6]" name="uninstall" duration-ms="14659" started-at="2020-08-29T10:31:32Z" finished-at="2020-08-29T10:31:47Z">
          <reporter-output>
          </reporter-output>
        </test-method> <!-- uninstall -->
      </class> <!-- pac.UninstallApp -->
    </test> <!-- Default test -->
  </suite> <!-- Default suite -->
</testng-results>
